 ip=           1 np=           2
 ip=           0 np=           2
 
 <Please input the forward parameter file>
 file is tide_fwd_xy2.ctl
 ### readcontrolfile END!! ###
 
 <input 0 for no topo, 1 for topofiles (itopoflag)>
 itopoflag =  1
 
 <Please enter global meshfile>
 global mesh file : /home/nonoyama/tide/Kikai/mesh_light/em3d.msh
 2dz    mesh file : /home/nonoyama/tide/Kikai/mesh_light/polygonz.msh
 line info   file : /home/nonoyama/tide/Kikai/mesh_light/lineinfo.dat
 ocean meshfile : /home/nonoyama/tide/Kikai/mesh_light/ocean.msh
 mesh ctl file  : /home/nonoyama/tide/Kikai/mesh_light/mesh_kikai.ctl
 vxyz file : ./vxyz_mesh
 fxyz file : ./fxyz_mesh
 output folder    : ./result_xy2/
header2d          : nakadake2d
header3d          : nakadake3d
 # of frequency :   1
   0.0000 [Hz]
 
 < input xbound and ybound >
 xbound(2)=   -200.0000000
 xbound(3)=    200.0000000
 ybound(2)=   -200.0000000
 ybound(3)=    200.0000000
 
 < input meshinfo >
 lenout      =    100.0000000
 upzin       =    500.0000000
 downzin     =   -500.0000000
 zmax        =   1000.0000000
 zmin        =  -1000.0000000
 sizein      =      0.1000000
 sizebo      =      2.0000000
 sigma_obs   =      0.4000000
 A_obs       =      0.0100000
 dlen_source =      0.1000000
 sigma_src   =      0.3000000
 A_src       =      0.0050000
 
 xbound =   -300.0000000   -200.0000000    200.0000000    300.0000000
 ybound =   -300.0000000   -200.0000000    200.0000000    300.0000000
 zbound =  -1000.0000000   -500.0000000    500.0000000   1000.0000000
 
 # of observatories :  14
 lonorigin =   130.500000000000     
 latorigin =   30.5000000000000     
 
 lon lat >    -13.5765323     16.6797631 [km]
 lon lat >    -30.3435977     37.8074630 [km]
 lon lat >      4.7905901     18.5256569 [km]
 lon lat >    -17.7251833     38.9194472 [km]
 lon lat >    -20.7624175     64.8620388 [km]
 lon lat >      3.1905330     57.4451041 [km]
 lon lat >    -39.9247778     42.6223547 [km]
 lon lat >    -39.9247778     23.9076605 [km]
 lon lat >    -39.6085989    -13.5328478 [km]
 lon lat >    -84.1227621     65.2845928 [km]
 lon lat >    -75.2793327     61.5038465 [km]
 lon lat >    -64.4813427     55.9328056 [km]
 lon lat >    -50.2724524     48.1600360 [km]
 lon lat >     16.6999971     13.6329264 [km]
 
 < input ixyflag: 0 for nothing, 1 for nx ny plan view, 2:ntrik >
 ixyflag =  1
 xyfilehead = 
 bxyz_xy2D                                                             
 nx,ny =         200         200
 ki23dfile = /home/nonoyama/tide/Kikai/mesh_light/ki23dptr.dat
 
 < input # of source wires > 
 # of source wires (nsource) =  1
 source name: S1                                                                    
 Electric source current :   0.000000     [A]
 sigma_air =  0.1000000E-07 [S/m]
 cond file is
 ./cond_test.msh                                                       
 condfile : 
 ./cond_test.msh                                                       
 g_cond%nphys2 =       96299
 ### READCOND  END!! ###
 ### READ FORWAR PARAM END!! ###
 input # of header lines
 # of header is           3
 input filename of topgraphyfile (lon[deg],lat[deg],alt[m])
 ../topo/etopo_kikai-l.xyz                         
 input wlon,elon,slat,nlat [deg] line by line
 input zmin, zmax [km] (upwardpositive)
 lonorigin=   130.000000000000     
 latorigin=   30.5000000000000     
 input sizein [resolution [km] in focus area]
 input sizebo [resolution [km] at calculation boundary]
 input sizecoastratio [resolution ratio to sizein at coastline]
 input lenout [ditance [km] from the edge of focus area to boundary]
 input nobs
 input observatory name in less than 6 characters
 input observatory lon [deg], lat[deg], altitude [m]
 input observatory resolution A [km] and sigma [km]
 input iflag_extrude: 0 for nothing, 1 for vertical resolution less than horizon
 tal [km]
 input nlayer_max and depth_nlayer (1:nlayer_max-1)
 input header
 input upzin, downzin, sizein3d
 ### COUNT /home/nonoyama/tide/Kikai/mesh_light/em3d.msh END!! ###
 ===< /home/nonoyama/tide/Kikai/mesh_light/em3d.msh >===
 # of nodes         (node) :     47328
 # of elements      (nele) :    293358
 # of Point       elements :      9915
 # of Line        elements :         0
 # of Triangle    elements :         0
 # of Tetrahedron elements :    283443
 # of Traiangle group1     :         0
 ---
 # of Tetrahedron group    1 =      95408
 # of Tetrahedron group    2 =      91736
 # of Tetrahedron group    3 =      96299
 =======================================================
 ### READ  /home/nonoyama/tide/Kikai/mesh_light/em3d.msh END!! ###
 
 ### COUNT /home/nonoyama/tide/Kikai/mesh_light/polygonz.msh END!! ###
 ===< /home/nonoyama/tide/Kikai/mesh_light/polygonz.msh >===
 # of nodes         (node) :      9915
 # of elements      (nele) :     20338
 # of Point       elements :       482
 # of Line        elements :       528
 # of Triangle    elements :     19328
 # of Tetrahedron elements :         0
 # of Traiangle group1     :     19328
 ===========================================================
 ### READ  /home/nonoyama/tide/Kikai/mesh_light/polygonz.msh END!! ###
 
 ### COUNT /home/nonoyama/tide/Kikai/mesh_light/ocean.msh END!! ###
 ===< /home/nonoyama/tide/Kikai/mesh_light/ocean.msh >===
 # of nodes         (node) :     25274
 # of elements      (nele) :    101651
 # of Point       elements :      9915
 # of Line        elements :         0
 # of Triangle    elements :         0
 # of Tetrahedron elements :     91736
 # of Traiangle group1     :         0
 ---
 # of Tetrahedron group    1 =      91736
 ========================================================
 ### READ  /home/nonoyama/tide/Kikai/mesh_light/ocean.msh END!! ###
 
 ### COUNT /home/nonoyama/tide/Kikai/mesh_light/polygonki.msh END!! ###
 ===< /home/nonoyama/tide/Kikai/mesh_light/polygonki.msh >===
 # of nodes         (node) :     10720
 # of elements      (nele) :     22398
 # of Point       elements :       483
 # of Line        elements :       534
 # of Triangle    elements :     21381
 # of Tetrahedron elements :         0
 # of Traiangle group1     :     19328
 ============================================================
 ### READ  /home/nonoyama/tide/Kikai/mesh_light/polygonki.msh END!! ###
 
 ### GENXYZMINMAX END!! ###
 ### allocate_2Dgrid_list END!! ###
 before gen2Dgridforlist in PREPZSRCOBS
 nx,ny        1000        1000
 ### gen2Dgridforlist END!! ###
 ### classifytri2grid END!! ###
 ------------------------------------------
    1 site ID : P5
lon  lat   130.35830    30.65000 alt    -0.00100 [km]
  x    y   -13.57653    16.67976   z    -0.00100 ->     -0.48865 [km]
 ------------------------------------------
    2 site ID : P6
lon  lat   130.18330    30.84000 alt    -0.00100 [km]
  x    y   -30.34360    37.80746   z    -0.00100 ->     -0.56848 [km]
 ------------------------------------------
    3 site ID : P7
lon  lat   130.55000    30.66660 alt    -0.00100 [km]
  x    y     4.79059    18.52566   z    -0.00100 ->     -0.15534 [km]
 ------------------------------------------
    4 site ID : P8
lon  lat   130.31500    30.85000 alt    -0.00100 [km]
  x    y   -17.72518    38.91945   z    -0.00100 ->     -0.33823 [km]
 ------------------------------------------
    5 site ID : P9
lon  lat   130.28330    31.08330 alt    -0.00100 [km]
  x    y   -20.76242    64.86204   z    -0.00100 ->     -0.48676 [km]
 ------------------------------------------
    6 site ID : P10
lon  lat   130.53330    31.01660 alt    -0.00100 [km]
  x    y     3.19053    57.44510   z    -0.00100 ->     -0.38974 [km]
 ------------------------------------------
    7 site ID : P11
lon  lat   130.08330    30.88330 alt    -0.00100 [km]
  x    y   -39.92478    42.62235   z    -0.00100 ->     -0.52315 [km]
 ------------------------------------------
    8 site ID : P12
lon  lat   130.08330    30.71500 alt    -0.00100 [km]
  x    y   -39.92478    23.90766   z    -0.00100 ->     -0.65545 [km]
 ------------------------------------------
    9 site ID : P13
lon  lat   130.08660    30.37830 alt    -0.00100 [km]
  x    y   -39.60860   -13.53285   z    -0.00100 ->     -0.76348 [km]
 ------------------------------------------
   10 site ID : P14
lon  lat   129.62200    31.08710 alt    -0.00100 [km]
  x    y   -84.12276    65.28459   z    -0.00100 ->     -0.79723 [km]
 ------------------------------------------
   11 site ID : P15
lon  lat   129.71430    31.05310 alt    -0.00100 [km]
  x    y   -75.27933    61.50385   z    -0.00100 ->     -0.76841 [km]
 ------------------------------------------
   12 site ID : P16
lon  lat   129.82700    31.00300 alt    -0.00100 [km]
  x    y   -64.48134    55.93281   z    -0.00100 ->     -0.80046 [km]
 ------------------------------------------
   13 site ID : P17
lon  lat   129.97530    30.93310 alt    -0.00100 [km]
  x    y   -50.27245    48.16004   z    -0.00100 ->     -0.76040 [km]
 ------------------------------------------
   14 site ID : P18
lon  lat   130.67430    30.62260 alt    -0.00100 [km]
  x    y    16.70000    13.63293   z    -0.00100 ->     -0.38187 [km]
 -------------------------------------------
 k           1 xs1(1:2,k)=   189.354722000000       -24.3394400000000     
 z -1.000000000000000E-003 ->  -3.14016996367795      [km]
 k           1 xs2(1:2,k)=   189.254722000000       -24.3394400000000     
 z -1.000000000000000E-003 ->  -3.13415176088830      [km]
 ### PREPZSRCOBS END ###
 nphys1=      187144 nphys2=       96299 ntet=      283443
 ### SETNPYS1INDEX2COND ###
 nline =      332143
 ntet =      283443
 ### READLINE     END!! ###
 ip=0 nphys2=       96299
 ### SHAREFPARAM END!! ###
 ### SHAREFORWARD END!! ###
 ### SHAREMESH END!! ###
 ### SHARELINE END!! ###
 ### SHAREMESHLINE END!! ###
 ### SHAREMESH END!! ###
 g_line%ntet      283443
 ip           1 ixyflag           1
 ### PREPOBSCOEFF END!! ###
 after PREPOBSCOEFF
 coeffobs(1,1)%item(1:6) bx       31240       31242       31244       31267
       31273       31300
 coeffobs(1,1)%val(1:6) bx -7.546188727736169E-002 -0.391501186814992     
 -2.666241201952485E-004 -0.185377062638299      -5.161516326153087E-004
  2.675910128677094E-005
 ### ALLOCATERESP END!! ###
 ### ALLOCATERESP END!! ###
 ip           0 ixyflag           1
 before PREPOBSCOEFF_XYSBTM
 xmin,xmax  -200.000000000000        200.000000000000     
 ymin,ymax  -200.000000000000        200.000000000000     
 PREPOBSCOEFF_XY start!!
 nobs=       40000
 xyzminmax  -692.218500000000        692.218500000000     
  -668.096200000000        668.096200000000       -500.000000000000     
   500.000000000000     
 PREPZOBS start!
 ### allocate_2Dgrid_list END!! ###
 nx,ny         200         200
 ### gen2Dgridforlist END!! ###
 ### classifytri2grid END!! ###
 ### PREPZOBS END!! ###
 xmin, xmax  -693.218500000000        693.218500000000     
 ymin, ymax  -669.096200000000        669.096200000000     
 zmin, zmax  -501.000000000000        501.000000000000     
 ### GENFRIDFORLIST END!! ###
 ### CLASSIFYELEMENT2GRD END!! ###
 categolize elements end
 iflag_spherical           0
 iflag=           0
 i=       10000
 i=       20000
 i=       30000
 i=       40000
 ### PREPOBSCOEFF_XY END!! ###
 after PREPOBSCOEFF_XY
 obs_xy%coeff(1,1)%item(1:6) bx       75895       75896       75901       89974
       89975       98703
 obs_xy%coeff(1,1)%val(1:6) bx  5.684421121836709E-004 -3.453083288707848E-002
  6.886415866391825E-005 -2.814420182222614E-002  5.537994084070444E-005
  4.540708145162977E-005
 ### ALLOCATERESP END!! ###
 ip=           0 frequency =  2.237000000000000E-005 [Hz]
 nsr=           1 ip           0
 fxyz_file./fxyz_mesh                                                           
 vxyz_file./vxyz_mesh                                                           
 ### GENMAT END !! ###
 ### GENBCCSEM END!! ###
 ### SET_BC_ICCG END!! ###
 solvePARDISO start!!
 ### forward_bxyz END !! ip=           0 freq=  2.237000000000000E-005 ###
 ### CALOBSEBCOMP END!! ###
 ### CALOBSEBCOMP END!! ###
 nobs       40000
 ocean node       47328
 ### IXYHOUT END!! ###
 ### SENDRECVRESULT END!! ###
 ### SENDRECVRESULT END!! ###
 ### OUTOBSFILESFWD END!! ###
